生成启动时间为 2016/1/9 11:37:16。
     1>项目“F:\VS_C_Project\MyCompiler\MyCompiler\MyCompiler.vcxproj”在节点 2 上(Build 个目标)。
     1>ClCompile:
         C:\Program Files (x86)\Microsoft Visual Studio 12.0\VC\bin\CL.exe /c /ZI /nologo /W2 /WX- /sdl /Od /Oy- /D WIN32 /D _DEBUG /D _CONSOLE /D _LIB /D _CRT_SECURE_NO_WARNINGS /D WIN32_LEAN_AND_MEAN /D _UNICODE /D UNICODE /Gm /EHsc /RTC1 /MDd /GS /fp:precise /Zc:wchar_t /Zc:forScope /Fo"Debug\\" /Fd"Debug\vc120.pdb" /Gd /TC /analyze- /errorReport:prompt grammer.c lexicalAnalysis.c myFunction.c objectCodeGeneration.c
         objectCodeGeneration.c
         myFunction.c
         lexicalAnalysis.c
         grammer.c
         正在生成代码...
       Link:
         C:\Program Files (x86)\Microsoft Visual Studio 12.0\VC\bin\link.exe /ERRORREPORT:PROMPT /OUT:"F:\VS_C_Project\MyCompiler\Debug\MyCompiler.exe" /INCREMENTAL /NOLOGO kernel32.lib user32.lib gdi32.lib winspool.lib comdlg32.lib advapi32.lib shell32.lib ole32.lib oleaut32.lib uuid.lib odbc32.lib odbccp32.lib /MANIFEST /MANIFESTUAC:"level='asInvoker' uiAccess='false'" /manifest:embed /DEBUG /PDB:"F:\VS_C_Project\MyCompiler\Debug\MyCompiler.pdb" /SUBSYSTEM:CONSOLE /TLBID:1 /DYNAMICBASE /NXCOMPAT /IMPLIB:"F:\VS_C_Project\MyCompiler\Debug\MyCompiler.lib" /MACHINE:X86 Debug\errorHandling.obj
         Debug\globalVar.obj
         Debug\grammer.obj
         Debug\main.obj
         Debug\lexicalAnalysis.obj
         Debug\myFunction.obj
         Debug\objectCodeGeneration.obj
         Debug\symbolTableManagement.obj
         MyCompiler.vcxproj -> F:\VS_C_Project\MyCompiler\Debug\MyCompiler.exe
     1>已完成生成项目“F:\VS_C_Project\MyCompiler\MyCompiler\MyCompiler.vcxproj”(Build 个目标)的操作。

生成成功。

已用时间 00:00:01.35
